477032443
499122177
499122177
499122177
499122177
768857088
499122177
499122177
786526174
499122177
499122177
499122177
499122177
499122177
499122177
499122177
707075987
499122177
499122177
499122177
499122177
499122177
499122177
499122177
499122177
499122177
325312185
499122177
595116020
499122177
499122177
499122177
499122177
499122177
499122177
499122177
499122177
499122177
499122177
499122177
499122177
499122177
499122177
499122177
499122177
499122177
499122177
499122177
499122177
499122177
499122177
499122177
499122177
499122177
499122177
499122177
499122177
499122177
499122177
499122177
499122177
499122177
499122177
499122177
499122177
499122177
499122177
499122177
499122177
499122177
499122177
499122177
499122177
499122177
499122177
499122177
499122177
499122177
499122177
499122177
499122177
499122177
499122177
499122177
499122177
499122177
923870561
499122177
499122177
499122177
499122177
499122177
499122177
499122177
499122177
499122177
499122177
499122177
499122177
499122177
499122177
499122177
499122177
499122177
499122177
499122177
499122177
499122177
499122177
499122177
499122177
499122177
499122177
499122177
499122177
499122177
499122177
499122177
499122177
499122177
499122177
261372706
499122177
499122177
499122177
419376570
499122177
499122177
499122177
499122177
499122177
499122177
499122177
499122177
499122177
499122177
499122177
499122177
499122177
499122177
499122177
960597811
499122177
499122177
990705583
499122177
499122177
499122177
499122177
499122177
499122177
499122177
499122177
739849378
499122177
499122177
499122177
499122177
499122177
499122177
499122177
499122177
499122177
499122177
499122177
499122177
499122177
499122177
499122177
499122177
499122177
499122177
499122177
499122177
499122177
499122177
499122177
499122177
499122177
499122177
499122177
499122177
499122177
499122177
21638091
499122177
499122177
499122177
499122177
499122177
499122177
499122177
499122177
499122177
499122177
499122177
499122177
499122177
499122177
499122177
499122177
499122177
499122177
499122177
499122177
499122177
499122177
84355159
499122177
499122177
499122177
499122177
499122177
499122177
499122177
499122177
267296706
398956540
648689913
499122177
499122177
499122177
499122177
499122177
499122177
499122177
499122177
499122177
499122177
499122177
499122177
499122177
499122177
499122177
499122177
499122177
499122177
499122177
499122177
499122177
499122177
710745827
499122177
651125752
499122177
499122177
499122177
499122177
499122177
728893411
499122177
499122177
499122177
499122177
499122177
499122177
499122177
499122177
499122177
499122177
146697513
499122177
499122177
499122177
499122177
499122177
499122177
499122177
499122177
499122177
499122177
499122177
499122177
499122177
499122177
499122177
499122177
943544124
499122177
499122177
499122177
499122177
499122177
499122177
499122177
499122177
499122177
499122177
499122177
499122177
499122177
499122177
499122177
499122177
499122177
499122177
499122177
499122177
499122177
499122177
499122177
499122177
499122177
499122177
499122177
654407762
499122177
499122177
63440558
499122177
499122177
499122177
499122177
499122177
499122177
499122177
909600442
664388075
499122177
510854393
499122177
499122177
499122177
499122177
304525615
499122177
499122177
73325014
499122177
499122177
499122177
499122177
499122177
499122177
499122177
499122177
499122177
499122177
499122177
499122177
499122177
499122177
499122177
499122177
499122177
499122177
499122177
499122177
499122177
499122177
499122177
499122177
499122177
499122177
499122177
499122177
499122177
499122177
499122177
499122177
499122177
499122177
499122177
499122177
499122177
499122177
499122177
499122177
499122177
499122177
499122177
499122177
499122177
499122177
499122177
499122177
499122177
499122177
499122177
499122177
499122177
499122177
499122177
499122177
499122177
499122177
499122177
499122177
499122177
499122177
499122177
499122177
499122177
499122177
499122177
499122177
499122177
499122177
499122177
499122177
499122177
499122177
499122177
499122177
499122177
9265051
214539948
796064122
499122177
499122177
499122177
499122177
542263990
499122177
499122177
499122177
499122177
499122177
499122177
499122177
499122177
499122177
499122177
499122177
499122177
499122177
499122177
499122177
499122177
499122177
499122177
762914797
499122177
499122177
499122177
499122177
499122177
499122177
499122177
499122177
499122177
499122177
840524370
499122177
499122177
499122177
499122177
499122177
499122177
499122177
499122177
499122177
499122177
499122177
161459924
499122177
499122177
499122177
298157477
499122177
499122177
499122177
199918119
499122177
499122177
499122177
499122177
499122177
499122177
499122177
499122177
499122177
499122177
499122177
499122177
499122177
628799768
499122177
499122177
499122177
499122177
499122177
499122177
499122177
499122177
499122177
499122177
499122177
499122177
499122177
499122177
499122177
499122177
499122177
499122177
499122177
499122177
499122177
499122177
499122177
499122177
499122177
499122177
499122177
499122177
273035101
387818374
499122177
499122177
499122177
499122177
499122177
499122177
499122177
499122177
499122177
499122177
620030327
499122177
499122177
499122177
499122177
499122177
499122177
499122177
499122177
499122177
499122177
499122177
499122177
499122177
499122177
499122177
499122177
499122177
499122177
499122177
499122177
499122177
499122177
499122177
499122177
499122177
499122177
499122177
499122177
499122177
499122177
499122177
499122177
736961218
499122177
499122177
499122177
499122177
499122177
499122177
499122177
499122177
499122177
499122177
499122177
499122177
499122177
499122177
499122177
499122177
499122177
499122177
499122177
499122177
499122177
499122177
499122177
499122177
499122177
499122177
499122177
499122177
499122177
499122177
443948547
499122177
499122177
499122177
499122177
499122177
499122177
499122177
499122177
499122177
499122177
939619004
499122177
499122177
499122177
499122177
499122177
499122177
499122177
499122177
499122177
499122177
499122177
154013136
499122177
499122177
499122177
499122177
499122177
499122177
499122177
499122177
499122177
499122177
499122177
499122177
499122177
499122177
499122177
499122177
499122177
499122177
499122177
499122177
499122177
499122177
499122177
499122177
499122177
499122177
499122177
499122177
499122177
499122177
499122177
499122177
499122177
499122177
499122177
499122177
499122177
499122177
499122177
499122177
499122177
499122177
499122177
499122177
499122177
499122177
499122177
499122177
499122177
499122177
499122177
499122177
499122177
499122177
397208678
559957993
499122177
499122177
499122177
499122177
556527313
499122177
499122177
499122177
499122177
499122177
499122177
499122177
499122177
499122177
499122177
499122177
499122177
499122177
499122177
499122177
499122177
499122177
499122177
499122177
499122177
499122177
499122177
499122177
499122177
499122177
499122177
499122177
499122177
499122177
499122177
499122177
499122177
499122177
499122177
499122177
499122177
499122177
499122177
499122177
499122177
499122177
499122177
499122177
499122177
248454595
499122177
499122177
499122177
499122177
499122177
499122177
499122177
499122177
499122177
499122177
499122177
499122177
499122177
499122177
499122177
73903662
499122177
499122177
499122177
499122177
499122177
499122177
499122177
499122177
726853759
225976893
499122177
499122177
499122177
499122177
499122177
499122177
499122177
499122177
499122177
499122177
499122177
499122177
499122177
499122177
499122177
499122177
499122177
499122177
499122177
499122177
499122177
499122177
499122177
499122177
499122177
499122177
499122177
499122177
499122177
499122177
325972512
499122177
499122177
499122177
499122177
499122177
499122177
499122177
499122177
844310933
620689364
499122177
499122177
499122177
499122177
499122177
499122177
499122177
499122177
499122177
499122177
499122177
499122177
993118438
499122177
499122177
45719294
499122177
499122177
499122177
499122177
499122177
499122177
499122177
499122177
499122177
499122177
499122177
499122177
499122177
499122177
499122177
499122177
629640826
499122177
499122177
499122177
499122177
499122177
499122177
499122177
499122177
499122177
499122177
499122177
499122177
499122177
499122177
499122177
499122177
499122177
499122177
499122177
499122177
499122177
499122177
499122177
499122177
499122177
499122177
499122177
499122177
499122177
499122177
499122177
499122177
499122177
499122177
499122177
499122177
499122177
499122177
499122177
499122177
141207023
499122177
499122177
499122177
499122177
499122177
499122177
499122177
499122177
499122177
499122177
990339458
169138860
499122177
499122177
499122177
499122177
499122177
499122177
499122177
499122177
499122177
499122177
499122177
499122177
499122177
499122177
499122177
499122177
499122177
499122177
499122177
499122177
499122177
499122177
397011568
499122177
499122177
499122177
499122177
499122177
499122177
499122177
499122177
499122177
499122177
499122177
499122177
499122177
499122177
499122177
499122177
908812487
567904627
499122177
499122177
499122177
499122177
499122177
499122177
499122177
499122177
499122177
675797465
499122177
499122177
478560842
312996431
499122177
499122177
499122177
499122177
499122177
499122177
499122177
499122177
428380111
499122177
499122177
499122177
499122177
499122177
499122177
499122177
499122177
499122177
499122177
499122177
499122177
499122177
499122177
499122177
499122177
605471029
499122177
499122177
499122177
499122177
499122177
499122177
499122177
499122177
499122177
499122177
499122177
499122177
499122177
499122177
499122177
499122177
499122177
499122177
499122177
499122177
499122177
499122177
499122177
499122177
499122177
499122177
499122177
499122177
499122177
499122177
499122177
499122177
499122177
499122177
499122177
499122177
499122177
499122177
499122177
499122177
713333119
499122177
499122177
499122177
499122177
499122177
499122177
499122177
616105966
499122177
499122177
499122177
499122177
499122177
499122177
499122177
499122177
499122177
266606166
499122177
499122177
499122177
499122177
316888854
499122177
499122177
499122177
669193865
499122177
499122177
499122177
250367756
499122177
499122177
499122177
499122177
499122177
499122177
499122177
499122177
499122177
499122177
499122177
499122177
499122177
499122177
499122177
499122177
499122177
499122177
499122177
499122177
499122177
499122177
499122177
499122177
499122177
499122177
499122177
499122177
499122177
499122177
499122177
499122177
499122177
499122177
499122177
499122177
499122177
499122177
499122177
499122177
499122177
499122177
499122177
247948322
499122177
499122177
499122177
499122177
499122177
499122177
499122177
499122177
499122177
6889296
499122177
499122177
499122177
499122177
499122177
499122177
499122177
499122177
499122177
777495950
499122177
120218418
858822064
499122177
499122177
499122177
499122177
499122177
499122177
499122177
499122177
499122177
499122177
499122177
499122177
499122177
499122177
499122177
499122177
499122177
499122177
499122177
499122177
499122177
499122177
847215433
499122177
499122177
499122177
499122177
499122177
499122177
499122177
499122177
908778061
499122177
499122177
518936112
499122177
499122177
499122177
499122177
499122177
499122177
499122177
499122177
499122177
499122177
499122177
499122177
499122177
499122177
370478592
499122177
499122177
499122177
499122177
499122177
499122177
499122177
499122177
499122177
499122177
499122177
499122177
499122177
499122177
499122177
499122177
499122177
499122177
499122177
499122177
499122177
499122177
499122177
499122177
499122177
499122177
499122177
499122177
499122177
499122177
499122177
499122177
499122177
499122177
499122177
499122177
499122177
8335327
499122177
499122177
499122177
499122177
499122177
499122177
499122177
499122177
499122177
499122177
499122177
499122177
499122177
499122177
499122177
499122177
499122177
499122177
499122177
988306825
499122177
499122177
499122177
499122177
499122177
499122177
499122177
499122177
499122177
499122177
499122177
499122177
499122177
499122177
499122177
499122177
499122177
499122177
499122177
499122177
499122177
499122177
499122177
499122177
499122177
499122177
499122177
499122177
499122177
499122177
499122177
499122177
499122177
499122177
499122177
499122177
499122177
499122177
499122177
499122177
499122177
499122177
499122177
499122177
499122177
499122177
499122177
499122177
499122177
499122177
499122177
499122177
499122177
499122177
499122177
499122177
499122177
499122177
499122177
499122177
499122177
499122177
499122177
499122177
499122177
733000554
499122177
200062811
499122177
499122177
499122177
499122177
499122177
499122177
499122177
499122177
499122177
499122177
499122177
499122177
499122177
499122177
499122177
499122177
499122177
499122177
499122177
499122177
499122177
499122177
278123785
499122177
499122177
499122177
499122177
499122177
499122177
499122177
499122177
499122177
499122177
499122177
661532999
499122177
499122177
499122177
499122177
499122177
499122177
499122177
57410784
499122177
499122177
499122177
881553913
499122177
499122177
499122177
499122177
499122177
499122177
499122177
499122177
499122177
499122177
499122177
499122177
499122177
499122177
499122177
499122177
499122177
499122177
499122177
499122177
499122177
499122177
499122177
499122177
499122177
968494953
499122177
499122177
499122177
499122177
499122177
499122177
499122177
499122177
499122177
499122177
499122177
499122177
499122177
499122177
499122177
499122177
499122177
499122177
499122177
499122177
499122177
499122177
499122177
499122177
499122177
499122177
537151781
499122177
499122177
499122177
499122177
499122177
499122177
499122177
499122177
499122177
499122177
499122177
499122177
499122177
499122177
499122177
499122177
499122177
499122177
499122177
499122177
499122177
499122177
499122177
499122177
499122177
499122177
499122177
499122177
499122177
499122177
499122177
499122177
499122177
499122177
499122177
499122177
499122177
8575439
499122177
750181719
499122177
499122177
499122177
499122177
499122177
499122177
499122177
499122177
499122177
499122177
499122177
499122177
499122177
499122177
499122177
499122177
499122177
530980965
499122177
499122177
499122177
499122177
499122177
499122177
499122177
964472143
499122177
499122177
499122177
499122177
499122177
464018347
499122177
499122177
499122177
499122177
499122177
499122177
499122177
499122177
499122177
499122177
499122177
499122177
499122177
499122177
499122177
499122177
499122177
499122177
499122177
568374911
499122177
499122177
499122177
499122177
499122177
499122177
499122177
499122177
499122177
510473716
499122177
499122177
499122177
499122177
499122177
499122177
499122177
499122177
499122177
499122177
499122177
499122177
499122177
499122177
522859956
148115543
907375351
499122177
499122177
499122177
499122177
499122177
499122177
499122177
499122177
499122177
499122177
499122177
499122177
499122177
499122177
499122177
499122177
499122177
499122177
499122177
803118705
499122177
499122177
499122177
499122177
499122177
499122177
499122177
499122177
499122177
499122177
499122177
499122177
499122177
499122177
499122177
499122177
499122177
499122177
691297603
499122177
499122177
499122177
499122177
499122177
499122177
499122177
499122177
499122177
499122177
499122177
499122177
499122177
499122177
499122177
499122177
499122177
499122177
499122177
499122177
499122177
499122177
499122177
86344154
499122177
499122177
499122177
499122177
499122177
499122177
499122177
499122177
499122177
499122177
499122177
499122177
499122177
499122177
499122177
499122177
499122177
499122177
499122177
499122177
499122177
499122177
499122177
499122177
499122177
499122177
499122177
499122177
499122177
499122177
499122177
499122177
499122177
499122177
499122177
499122177
499122177
499122177
499122177
499122177
499122177
524168025
499122177
499122177
499122177
499122177
499122177
499122177
499122177
499122177
499122177
499122177
499122177
499122177
494614748
499122177
499122177
499122177
338888384
758416955
499122177
499122177
499122177
499122177
499122177
499122177
499122177
499122177
499122177
499122177
499122177
499122177
201698842
499122177
499122177
499122177
499122177
259027039
499122177
499122177
499122177
499122177
499122177
499122177
499122177
499122177
499122177
607519213
499122177
499122177
499122177
499122177
499122177
499122177
499122177
499122177
499122177
499122177
499122177
499122177
499122177
499122177
612439615
499122177
499122177
499122177
499122177
387580894
499122177
499122177
499122177
499122177
499122177
499122177
499122177
499122177
499122177
499122177
499122177
499122177
499122177
499122177
499122177
499122177
499122177
499122177
499122177
499122177
499122177
499122177
499122177
499122177
499122177
876947979
499122177
499122177
499122177
499122177
499122177
499122177
499122177
499122177
499122177
499122177
499122177
587379269
499122177
499122177
499122177
385431623
499122177
499122177
499122177
499122177
499122177
499122177
499122177
499122177
499122177
499122177
499122177
499122177
499122177
499122177
499122177
499122177
499122177
499122177
499122177
499122177
499122177
499122177
399885375
312233562
499122177
499122177
499122177
499122177
499122177
499122177
499122177
499122177
191795787
499122177
499122177
499122177
499122177
903825188
499122177
499122177
499122177
499122177
499122177
499122177
499122177
499122177
499122177
499122177
499122177
499122177
499122177
281423993
499122177
46652808
499122177
499122177
499122177
499122177
499122177
499122177
499122177
499122177
499122177
499122177
499122177
499122177
499122177
499122177
329477808
499122177
499122177
499122177
499122177
499122177
499122177
499122177
499122177
499122177
499122177
499122177
499122177
499122177
21216596
499122177
499122177
116197229
499122177
499122177
499122177
499122177
499122177
499122177
499122177
499122177
547668309
499122177
499122177
499122177
499122177
499122177
499122177
499122177
499122177
499122177
499122177
499122177
499122177
499122177
499122177
499122177
499122177
499122177
499122177
499122177
499122177
499122177
499122177
499122177
499122177
151127220
499122177
499122177
499122177
499122177
499122177
499122177
499122177
499122177
499122177
499122177
499122177
499122177
499122177
499122177
499122177
499122177
499122177
499122177
515754743
499122177
499122177
499122177
499122177
499122177
499122177
499122177
499122177
499122177
499122177
499122177
499122177
499122177
499122177
499122177
499122177
499122177
499122177
499122177
499122177
499122177
499122177
499122177
499122177
499122177
499122177
499122177
499122177
499122177
499122177
499122177
499122177
499122177
196339488
499122177
499122177
499122177
499122177
499122177
116059808
499122177
499122177
499122177
499122177
499122177
499122177
499122177
499122177
499122177
499122177
499122177
499122177
499122177
499122177
499122177
499122177
499122177
499122177
91656545
499122177
499122177
499122177
499122177
499122177
499122177
499122177
499122177
499122177
499122177
499122177
499122177
499122177
499122177
499122177
499122177
499122177
499122177
499122177
499122177
499122177
499122177
499122177
499122177
499122177
499122177
499122177
499122177
499122177
499122177
499122177
499122177
499122177
499122177
499122177
499122177
499122177
499122177
499122177
499122177
499122177
499122177
499122177
499122177
225322150
499122177
499122177
499122177
18520983
499122177
499122177
499122177
499122177
499122177
499122177
499122177
499122177
499122177
499122177
499122177
499122177
900023134
499122177
499122177
499122177
499122177
499122177
499122177
499122177
499122177
499122177
499122177
499122177
499122177
499122177
499122177
499122177
499122177
499122177
499122177
499122177
499122177
499122177
499122177
235218412
499122177
499122177
499122177
499122177
499122177
499122177
499122177
499122177
499122177
499122177
499122177
499122177
268663342
499122177
499122177
499122177
499122177
499122177
499122177
499122177
499122177
499122177
499122177
499122177
499122177
499122177
499122177
499122177
233270575
499122177
499122177
499122177
499122177
499122177
499122177
499122177
499122177
499122177
499122177
499122177
499122177
670104547
499122177
499122177
499122177
499122177
499122177
499122177
499122177
499122177
499122177
499122177
499122177
432710189
499122177
499122177
499122177
499122177
484147909
499122177
499122177
499122177
499122177
499122177
499122177
499122177
499122177
499122177
499122177
499122177
499122177
499122177
499122177
499122177
499122177
499122177
499122177
499122177
499122177
499122177
499122177
499122177
499122177
499122177
499122177
499122177
499122177
499122177
499122177
499122177
499122177
499122177
499122177
499122177
499122177
499122177
499122177
499122177
499122177
499122177
499122177
499122177
499122177
499122177
499122177
499122177
499122177
499122177
499122177
499122177
499122177
499122177
499122177
499122177
499122177
499122177
499122177
499122177
499122177
499122177
499122177
499122177
499122177
499122177
499122177
505787794
499122177
900055931
499122177
499122177
901532176
499122177
499122177
499122177
499122177
499122177
499122177
499122177
499122177
499122177
499122177
499122177
499122177
499122177
499122177
499122177
499122177
499122177
499122177
499122177
499122177
499122177
499122177
499122177
499122177
499122177
499122177
499122177
499122177
499122177
499122177
499122177
499122177
499122177
499122177
499122177
499122177
499122177
499122177
499122177
499122177
499122177
499122177
499122177
499122177
499122177
499122177
499122177
499122177
903466513
521706310
499122177
499122177
134907872
499122177
499122177
499122177
499122177
499122177
499122177
499122177
499122177
499122177
499122177
499122177
499122177
499122177
499122177
499122177
499122177
499122177
499122177
499122177
499122177
499122177
622517799
499122177
274547382
217092710
499122177
499122177
499122177
499122177
994620532
499122177
31728378
499122177
499122177
499122177
499122177
990252649
952382976
499122177
499122177
499122177
499122177
499122177
499122177
499122177
499122177
499122177
499122177
499122177
499122177
499122177
499122177
499122177
499122177
499122177
499122177
499122177
499122177
499122177
499122177
499122177
499122177
499122177
499122177
519317262
499122177
693820404
499122177
499122177
519157824
499122177
499122177
499122177
499122177
544465371
499122177
499122177
499122177
499122177
499122177
499122177
499122177
499122177
958665480
499122177
499122177
499122177
499122177
499122177
499122177
499122177
499122177
499122177
499122177
499122177
499122177
499122177
499122177
499122177
499122177
499122177
499122177
499122177
499122177
499122177
499122177
499122177
499122177
499122177
499122177
499122177
499122177
499122177
499122177
499122177
499122177
499122177
499122177
499122177
499122177
499122177
499122177
499122177
636359850
499122177
499122177
499122177
499122177
499122177
499122177
499122177
499122177
499122177
499122177
499122177
499122177
499122177
499122177
499122177
499122177
499122177
499122177
499122177
499122177
499122177
499122177
499122177
499122177
499122177
499122177
499122177
260049511
499122177
499122177
499122177
13839750
499122177
499122177
499122177
499122177
814434236
499122177
499122177
499122177
499122177
499122177
499122177
499122177
499122177
499122177
499122177
499122177
499122177
499122177
499122177
499122177
499122177
499122177
499122177
499122177
499122177
499122177
499122177
499122177
499122177
499122177
499122177
499122177
499122177
210901116
528340735
499122177
789654437
499122177
499122177
499122177
499122177
499122177
499122177
499122177
499122177
499122177
499122177
499122177
499122177
499122177
499122177
499122177
499122177
499122177
499122177
905141206
499122177
499122177
499122177
499122177
499122177
499122177
499122177
499122177
499122177
499122177
499122177
499122177
499122177
499122177
499122177
966394173
499122177
499122177
499122177
499122177
499122177
499122177
345279594
499122177
499122177
499122177
499122177
499122177
499122177
499122177
499122177
499122177
499122177
499122177
499122177
499122177
499122177
499122177
499122177
499122177
499122177
499122177
499122177
499122177
499122177
4123659
499122177
499122177
499122177
827784285
499122177
499122177
499122177
918558662
499122177
499122177
499122177
499122177
499122177
499122177
499122177
499122177
499122177
499122177
499122177
499122177
499122177
499122177
499122177
499122177
499122177
499122177
499122177
499122177
499122177
499122177
499122177
499122177
499122177
499122177
499122177
499122177
499122177
499122177
499122177
499122177
499122177
499122177
499122177
499122177
499122177
499122177
499122177
499122177
499122177
463299291
499122177
499122177
499122177
499122177
499122177
499122177
499122177
499122177
499122177
499122177
499122177
499122177
499122177
499122177
499122177
499122177
499122177
499122177
499122177
499122177
499122177
499122177
499122177
499122177
499122177
499122177
499122177
499122177
499122177
499122177
499122177
499122177
499122177
499122177
499122177
499122177
499122177
499122177
499122177
499122177
499122177
499122177
499122177
499122177
499122177
499122177
644450918
499122177
499122177
499122177
499122177
499122177
46549763
499122177
499122177
499122177
499122177
499122177
499122177
499122177
499122177
499122177
499122177
499122177
499122177
499122177
499122177
949000266
499122177
499122177
499122177
499122177
499122177
499122177
653168311
546935294
499122177
499122177
499122177
499122177
499122177
499122177
343009149
499122177
499122177
499122177
499122177
499122177
499122177
499122177
499122177
499122177
499122177
499122177
499122177
499122177
499122177
499122177
499122177
499122177
49722325
499122177
499122177
499122177
499122177
499122177
742752629
499122177
499122177
499122177
499122177
499122177
499122177
499122177
499122177
499122177
499122177
499122177
499122177
499122177
499122177
499122177
499122177
499122177
499122177
499122177
499122177
499122177
499122177
499122177
499122177
499122177
499122177
499122177
499122177
499122177
499122177
499122177
499122177
499122177
499122177
499122177
499122177
499122177
499122177
499122177
499122177
499122177
499122177
499122177
499122177
499122177
499122177
499122177
499122177
499122177
499122177
499122177
301664581
499122177
499122177
499122177
499122177
499122177
499122177
499122177
499122177
499122177
499122177
499122177
499122177
499122177
121987714
499122177
499122177
499122177
499122177
499122177
499122177
499122177
499122177
499122177
499122177
335749207
499122177
499122177
499122177
499122177
499122177
499122177
499122177
499122177
499122177
499122177
499122177
499122177
499122177
499122177
499122177
499122177
499122177
499122177
499122177
499122177
499122177
499122177
499122177
499122177
499122177
499122177
499122177
499122177
499122177
499122177
499122177
104043051
499122177
499122177
499122177
499122177
499122177
499122177
499122177
499122177
499122177
499122177
499122177
499122177
499122177
310448109
499122177
499122177
499122177
499122177
499122177
499122177
499122177
499122177
499122177
499122177
208788290
499122177
499122177
499122177
499122177
499122177
499122177
499122177
499122177
499122177
499122177
499122177
499122177
499122177
499122177
499122177
499122177
499122177
499122177
499122177
499122177
499122177
499122177
499122177
499122177
499122177
499122177
499122177
499122177
499122177
499122177
499122177
499122177
499122177
499122177
499122177
499122177
499122177
499122177
134577810
499122177
499122177
499122177
499122177
499122177
499122177
499122177
499122177
499122177
499122177
499122177
499122177
499122177
499122177
499122177
499122177
499122177
499122177
499122177
499122177
499122177
499122177
499122177
499122177
499122177
499122177
499122177
499122177
499122177
499122177
499122177
499122177
499122177
499122177
499122177
499122177
499122177
499122177
499122177
499122177
499122177
499122177
3970219
499122177
499122177
499122177
499122177
499122177
499122177
499122177
499122177
499122177
499122177
499122177
499122177
499122177
499122177
499122177
614913711
499122177
499122177
464188327
499122177
499122177
499122177
499122177
499122177
604977167
499122177
499122177
499122177
499122177
499122177
586479771
499122177
499122177
499122177
499122177
499122177
499122177
499122177
499122177
499122177
499122177
499122177
499122177
499122177
978816927
499122177
499122177
499122177
499122177
499122177
499122177
499122177
499122177
499122177
499122177
499122177
499122177
499122177
499122177
499122177
499122177
499122177
499122177
499122177
499122177
499122177
499122177
499122177
499122177
499122177
499122177
499122177
499122177
499122177
499122177
499122177
499122177
499122177
499122177
499122177
499122177
499122177
285005892
499122177
499122177
499122177
499122177
499122177
499122177
499122177
499122177
499122177
499122177
499122177
499122177
499122177
499122177
499122177
499122177
499122177
499122177
132668903
499122177
799484910
499122177
499122177
499122177
341869627
499122177
499122177
499122177
499122177
499122177
499122177
499122177
499122177
499122177
499122177
499122177
499122177
499122177
499122177
499122177
499122177
499122177
499122177
499122177
499122177
950853452
499122177
499122177
499122177
499122177
499122177
499122177
499122177
499122177
499122177
499122177
499122177
499122177
499122177
499122177
499122177
499122177
499122177
499122177
444451234
499122177
499122177
499122177
499122177
499122177
499122177
499122177
499122177
499122177
735114204
499122177
499122177
499122177
499122177
499122177
499122177
499122177
499122177
23818330
499122177
499122177
499122177
499122177
499122177
499122177
499122177
499122177
499122177
499122177
499122177
499122177
499122177
499122177
499122177
499122177
499122177
499122177
499122177
499122177
279945763
499122177
499122177
499122177
499122177
499122177
499122177
467597394
499122177
499122177
499122177
499122177
499122177
499122177
499122177
499122177
499122177
499122177
499122177
499122177
499122177
499122177
499122177
499122177
499122177
499122177
499122177
499122177
499122177
499122177
499122177
499122177
499122177
499122177
499122177
499122177
499122177
499122177
499122177
499122177
499122177
499122177
499122177
499122177
499122177
499122177
499122177
499122177
499122177
499122177
499122177
499122177
499122177
499122177
499122177
499122177
499122177
499122177
499122177
499122177
499122177
499122177
499122177
499122177
499122177
499122177
499122177
499122177
499122177
499122177
499122177
499122177
499122177
499122177
499122177
499122177
499122177
499122177
499122177
499122177
499122177
499122177
499122177
499122177
499122177
499122177
499122177
499122177
499122177
499122177
499122177
499122177
499122177
499122177
499122177
499122177
499122177
499122177
499122177
499122177
499122177
499122177
499122177
499122177
499122177
499122177
499122177
499122177
499122177
499122177
499122177
499122177
499122177
499122177
499122177
499122177
499122177
499122177
793398142
499122177
499122177
499122177
499122177
499122177
499122177
499122177
499122177
134635978
499122177
499122177
763782243
499122177
499122177
499122177
499122177
499122177
499122177
499122177
499122177
499122177
499122177
499122177
499122177
499122177
499122177
499122177
499122177
499122177
499122177
499122177
499122177
703927238
499122177
499122177
499122177
499122177
499122177
388402905
499122177
499122177
499122177
499122177
358907761
499122177
499122177
499122177
499122177
499122177
499122177
499122177
499122177
499122177
499122177
499122177
760073011
499122177
499122177
499122177
912112950
499122177
499122177
499122177
499122177
499122177
499122177
499122177
499122177
499122177
823645505
499122177
778967304
499122177
499122177
499122177
499122177
499122177
499122177
499122177
154033853
499122177
499122177
499122177
499122177
499122177
499122177
499122177
499122177
499122177
499122177
499122177
499122177
499122177
499122177
499122177
499122177
499122177
499122177
499122177
499122177
499122177
499122177
499122177
499122177
499122177
499122177
499122177
499122177
499122177
499122177
521729030
499122177
499122177
499122177
499122177
499122177
499122177
499122177
499122177
499122177
499122177
499122177
730841395
499122177
499122177
499122177
499122177
499122177
499122177
499122177
499122177
499122177
499122177
499122177
499122177
499122177
499122177
499122177
499122177
499122177
499122177
499122177
499122177
499122177
499122177
499122177
499122177
499122177
499122177
499122177
499122177
499122177
499122177
499122177
894168066
499122177
499122177
499122177
774372415
499122177
499122177
499122177
499122177
499122177
499122177
499122177
499122177
499122177
499122177
499122177
499122177
499122177
499122177
499122177
499122177
499122177
499122177
499122177
499122177
499122177
499122177
499122177
499122177
499122177
499122177
499122177
499122177
499122177
499122177
499122177
499122177
499122177
499122177
499122177
499122177
499122177
499122177
499122177
499122177
499122177
499122177
719184639
499122177
499122177
499122177
499122177
499122177
499122177
499122177
941085086
499122177
499122177
499122177
499122177
499122177
499122177
499122177
499122177
499122177
499122177
499122177
499122177
519528338
499122177
499122177
499122177
499122177
499122177
758911615
499122177
499122177
499122177
499122177
499122177
499122177
499122177
499122177
499122177
499122177
499122177
385474823
499122177
499122177
499122177
499122177
499122177
499122177
499122177
499122177
499122177
910635029
590207367
499122177
499122177
499122177
499122177
499122177
499122177
499122177
499122177
830894542
499122177
499122177
499122177
499122177
499122177
183150974
499122177
499122177
499122177
499122177
499122177
499122177
499122177
499122177
499122177
499122177
499122177
499122177
499122177
499122177
499122177
499122177
499122177
499122177
499122177
499122177
499122177
499122177
499122177
499122177
499122177
499122177
499122177
499122177
499122177
499122177
499122177
499122177
499122177
499122177
499122177
499122177
499122177
499122177
499122177
499122177
499122177
499122177
499122177
499122177
499122177
499122177
499122177
499122177
499122177
499122177
499122177
499122177
499122177
499122177
499122177
499122177
499122177
499122177
499122177
499122177
499122177
499122177
499122177
499122177
499122177
499122177
499122177
499122177
499122177
499122177
499122177
499122177
499122177
499122177
631828508
499122177
499122177
499122177
499122177
499122177
499122177
499122177
499122177
499122177
499122177
499122177
499122177
499122177
499122177
499122177
499122177
499122177
499122177
499122177
499122177
499122177
499122177
499122177
499122177
896850203
499122177
499122177
499122177
499122177
499122177
499122177
499122177
499122177
499122177
499122177
28332265
499122177
499122177
499122177
499122177
499122177
499122177
499122177
499122177
499122177
499122177
499122177
499122177
499122177
499122177
499122177
499122177
499122177
499122177
499122177
499122177
499122177
499122177
499122177
499122177
499122177
499122177
499122177
499122177
499122177
499122177
499122177
499122177
499122177
499122177
499122177
499122177
499122177
499122177
499122177
499122177
499122177
499122177
499122177
499122177
499122177
499122177
499122177
499122177
499122177
499122177
499122177
499122177
499122177
499122177
499122177
499122177
499122177
499122177
922763199
499122177
499122177
499122177
499122177
499122177
978872105
499122177
499122177
499122177
499122177
499122177
499122177
499122177
499122177
499122177
499122177
499122177
499122177
499122177
499122177
499122177
499122177
499122177
499122177
499122177
499122177
499122177
499122177
499122177
155379934
499122177
499122177
499122177
499122177
499122177
402774297
499122177
499122177
499122177
499122177
499122177
499122177
499122177
499122177
499122177
499122177
499122177
499122177
499122177
499122177
499122177
499122177
499122177
499122177
499122177
499122177
499122177
499122177
499122177
499122177
499122177
499122177
499122177
499122177
499122177
499122177
499122177
499122177
499122177
600547077
499122177
107793163
499122177
471538458
499122177
499122177
499122177
499122177
499122177
499122177
499122177
499122177
499122177
499122177
499122177
499122177
499122177
499122177
499122177
499122177
499122177
499122177
499122177
499122177
499122177
499122177
499122177
499122177
499122177
499122177
499122177
499122177
499122177
499122177
499122177
499122177
499122177
499122177
499122177
499122177
499122177
499122177
499122177
499122177
499122177
499122177
830439012
499122177
499122177
499122177
499122177
499122177
499122177
499122177
499122177
499122177
499122177
499122177
499122177
499122177
499122177
499122177
499122177
499122177
499122177
499122177
499122177
499122177
499122177
499122177
499122177
499122177
499122177
499122177
499122177
499122177
499122177
499122177
499122177
499122177
499122177
499122177
499122177
499122177
499122177
499122177
499122177
499122177
499122177
499122177
499122177
499122177
499122177
499122177
499122177
499122177
499122177
499122177
499122177
499122177
499122177
499122177
499122177
499122177
499122177
499122177
499122177
499122177
499122177
499122177
366225844
499122177
499122177
499122177
499122177
499122177
499122177
499122177
499122177
499122177
499122177
376632712
499122177
499122177
499122177
499122177
499122177
499122177
499122177
499122177
499122177
499122177
499122177
499122177
499122177
499122177
499122177
499122177
499122177
499122177
499122177
499122177
499122177
499122177
499122177
499122177
499122177
499122177
499122177
499122177
499122177
350296940
499122177
499122177
499122177
499122177
499122177
499122177
499122177
499122177
499122177
499122177
465244846
499122177
499122177
499122177
499122177
499122177
499122177
499122177
499122177
499122177
499122177
499122177
499122177
499122177
499122177
53807740
499122177
499122177
499122177
499122177
499122177
499122177
499122177
499122177
499122177
499122177
499122177
499122177
499122177
499122177
499122177
499122177
499122177
994657998
499122177
499122177
477299919
499122177
499122177
499122177
499122177
499122177
499122177
499122177
499122177
499122177
499122177
499122177
499122177
499122177
499122177
499122177
499122177
499122177
499122177
499122177
499122177
499122177
499122177
499122177
499122177
499122177
499122177
499122177
499122177
132687411
426967843
499122177
499122177
499122177
499122177
499122177
499122177
499122177
499122177
499122177
499122177
499122177
499122177
499122177
499122177
499122177
499122177
499122177
499122177
499122177
499122177
499122177
499122177
499122177
499122177
499122177
499122177
499122177
499122177
499122177
499122177
499122177
499122177
499122177
499122177
499122177
499122177
499122177
499122177
499122177
499122177
499122177
499122177
499122177
499122177
499122177
499122177
499122177
499122177
499122177
499122177
499122177
499122177
499122177
499122177
499122177
499122177
499122177
499122177
499122177
499122177
499122177
499122177
499122177
805422233
499122177
499122177
499122177
499122177
380961137
499122177
499122177
499122177
499122177
499122177
499122177
499122177
499122177
499122177
499122177
499122177
499122177
499122177
499122177
499122177
20093908
499122177
499122177
499122177
499122177
530884700
263658629
499122177
939239430
499122177
499122177
499122177
499122177
499122177
499122177
499122177
499122177
499122177
499122177
499122177
499122177
499122177
499122177
499122177
499122177
499122177
499122177
499122177
499122177
499122177
499122177
499122177
499122177
499122177
499122177
499122177
499122177
499122177
499122177
499122177
499122177
499122177
499122177
499122177
499122177
499122177
499122177
499122177
499122177
499122177
499122177
499122177
499122177
499122177
34273213
458597713
499122177
499122177
499122177
499122177
499122177
499122177
499122177
499122177
499122177
499122177
499122177
499122177
499122177
499122177
499122177
499122177
499122177
499122177
499122177
499122177
499122177
499122177
499122177
499122177
499122177
499122177
499122177
499122177
499122177
499122177
499122177
499122177
499122177
499122177
499122177
499122177
499122177
499122177
713815433
499122177
499122177
499122177
499122177
499122177
499122177
499122177
837290671
499122177
499122177
499122177
499122177
499122177
499122177
499122177
499122177
499122177
499122177
499122177
499122177
499122177
499122177
499122177
499122177
499122177
499122177
499122177
499122177
499122177
499122177
499122177
499122177
499122177
499122177
499122177
499122177
499122177
499122177
499122177
499122177
499122177
499122177
499122177
681182198
499122177
499122177
499122177
584480684
499122177
499122177
499122177
77496500
499122177
499122177
499122177
499122177
499122177
499122177
499122177
499122177
499122177
499122177
661893300
499122177
499122177
499122177
499122177
499122177
499122177
499122177
499122177
489985610
499122177
499122177
499122177
499122177
499122177
499122177
499122177
499122177
499122177
499122177
499122177
499122177
499122177
499122177
499122177
499122177
499122177
499122177
499122177
499122177
499122177
499122177
499122177
499122177
499122177
499122177
499122177
499122177
499122177
499122177
499122177
499122177
499122177
499122177
499122177
499122177
499122177
499122177
499122177
499122177
499122177
499122177
499122177
499122177
499122177
499122177
499122177
499122177
499122177
499122177
499122177
499122177
499122177
745390367
499122177
499122177
499122177
499122177
499122177
499122177
499122177
499122177
499122177
499122177
499122177
499122177
499122177
499122177
499122177
499122177
499122177
455461206
499122177
499122177
499122177
499122177
499122177
499122177
499122177
499122177
499122177
147557189
499122177
113322114
499122177
499122177
499122177
499122177
499122177
499122177
499122177
419549554
499122177
499122177
499122177
499122177
499122177
499122177
499122177
499122177
499122177
499122177
499122177
499122177
499122177
499122177
928330472
499122177
499122177
499122177
499122177
499122177
499122177
499122177
499122177
499122177
499122177
499122177
499122177
499122177
499122177
499122177
499122177
499122177
499122177
499122177
499122177
499122177
257769866
499122177
499122177
499122177
499122177
833150996
499122177
499122177
499122177
499122177
499122177
499122177
499122177
499122177
499122177
499122177
942899520
499122177
499122177
499122177
499122177
499122177
499122177
499122177
499122177
499122177
499122177
499122177
499122177
499122177
499122177
499122177
499122177
499122177
499122177
499122177
499122177
499122177
499122177
499122177
499122177
499122177
499122177
499122177
499122177
121355928
499122177
499122177
627123433
499122177
499122177
879917922
499122177
499122177
499122177
499122177
499122177
499122177
499122177
499122177
499122177
499122177
499122177
499122177
499122177
499122177
499122177
499122177
499122177
499122177
499122177
499122177
499122177
499122177
499122177
499122177
499122177
499122177
499122177
499122177
499122177
499122177
499122177
499122177
96280017
499122177
989806671
499122177
499122177
499122177
499122177
499122177
499122177
499122177
499122177
499122177
499122177
499122177
499122177
499122177
499122177
499122177
499122177
499122177
499122177
499122177
499122177
499122177
499122177
499122177
499122177
499122177
499122177
499122177
499122177
499122177
499122177
499122177
499122177
499122177
823607103
499122177
499122177
499122177
499122177
32775858
499122177
499122177
499122177
499122177
218532612
499122177
499122177
499122177
499122177
499122177
499122177
499122177
499122177
499122177
499122177
499122177
949906964
499122177
545855034
499122177
499122177
499122177
499122177
499122177
499122177
499122177
499122177
499122177
499122177
499122177
499122177
499122177
499122177
33793059
499122177
499122177
499122177
499122177
499122177
499122177
499122177
499122177
499122177
499122177
499122177
499122177
499122177
905546772
499122177
499122177
499122177
499122177
499122177
499122177
499122177
499122177
499122177
499122177
499122177
499122177
499122177
499122177
499122177
499122177
499122177
333999522
499122177
499122177
499122177
22996246
499122177
499122177
499122177
499122177
499122177
499122177
499122177
499122177
499122177
499122177
499122177
499122177
499122177
499122177
499122177
499122177
499122177
499122177
499122177
499122177
499122177
499122177
499122177
499122177
499122177
499122177
499122177
499122177
499122177
499122177
499122177
499122177
499122177
499122177
499122177
499122177
140457223
499122177
499122177
499122177
499122177
499122177
499122177
499122177
499122177
499122177
499122177
499122177
499122177
499122177
499122177
499122177
499122177
499122177
499122177
499122177
499122177
499122177
499122177
499122177
499122177
499122177
499122177
499122177
499122177
499122177
499122177
499122177
499122177
499122177
499122177
499122177
499122177
499122177
499122177
499122177
499122177
499122177
499122177
499122177
499122177
499122177
499122177
499122177
499122177
499122177
499122177
499122177
499122177
499122177
499122177
499122177
499122177
499122177
499122177
499122177
499122177
499122177
499122177
499122177
499122177
499122177
499122177
499122177
499122177
499122177
499122177
814900241
499122177
499122177
499122177
499122177
499122177
499122177
499122177
499122177
499122177
499122177
528234417
499122177
499122177
499122177
499122177
499122177
499122177
112766275
499122177
499122177
499122177
499122177
499122177
499122177
499122177
499122177
499122177
499122177
499122177
499122177
499122177
499122177
499122177
924837225
499122177
499122177
499122177
744018769
499122177
499122177
499122177
499122177
499122177
499122177
499122177
499122177
499122177
499122177
499122177
499122177
499122177
499122177
499122177
499122177
565473745
499122177
499122177
499122177
499122177
185346813
499122177
499122177
499122177
499122177
499122177
499122177
499122177
499122177
499122177
499122177
499122177
499122177
499122177
499122177
499122177
499122177
499122177
227913788
499122177
499122177
499122177
499122177
499122177
499122177
499122177
499122177
499122177
499122177
499122177
499122177
776588675
499122177
499122177
499122177
499122177
499122177
499122177
499122177
499122177
499122177
499122177
499122177
499122177
499122177
499122177
499122177
499122177
499122177
499122177
499122177
499122177
394044728
499122177
499122177
499122177
499122177
403482897
499122177
499122177
499122177
499122177
499122177
499122177
499122177
499122177
499122177
736787920
499122177
499122177
499122177
499122177
499122177
499122177
499122177
499122177
499122177
499122177
499122177
499122177
499122177
499122177
499122177
499122177
499122177
499122177
499122177
499122177
499122177
499122177
499122177
499122177
499122177
499122177
499122177
499122177
499122177
499122177
499122177
499122177
499122177
499122177
499122177
499122177
499122177
499122177
499122177
499122177
499122177
560457477
499122177
316118718
499122177
499122177
499122177
499122177
499122177
499122177
499122177
499122177
499122177
499122177
499122177
499122177
499122177
499122177
499122177
499122177
499122177
499122177
499122177
499122177
499122177
499122177
499122177
499122177
499122177
499122177
499122177
499122177
499122177
499122177
499122177
499122177
499122177
499122177
499122177
499122177
542611620
499122177
499122177
933598639
805422233
499122177
499122177
499122177
860665241
499122177
499122177
499122177
499122177
499122177
499122177
499122177
499122177
499122177
499122177
499122177
499122177
499122177
609183448
499122177
499122177
499122177
499122177
499122177
499122177
499122177
499122177
499122177
499122177
499122177
499122177
499122177
499122177
499122177
499122177
985972748
499122177
499122177
499122177
499122177
499122177
499122177
499122177
499122177
428548375
499122177
499122177
499122177
499122177
284275537
499122177
499122177
499122177
499122177
499122177
499122177
499122177
499122177
499122177
499122177
499122177
499122177
499122177
499122177
499122177
499122177
499122177
138388021
499122177
499122177
499122177
499122177
499122177
499122177
499122177
499122177
205505661
499122177
231225255
499122177
499122177
499122177
290574206
499122177
499122177
499122177
499122177
499122177
499122177
499122177
499122177
499122177
499122177
499122177
499122177
499122177
499122177
499122177
499122177
499122177
499122177
499122177
499122177
499122177
499122177
499122177
499122177
499122177
499122177
499122177
755649841
499122177
499122177
380168713
499122177
377881497
334793922
499122177
499122177
499122177
499122177
499122177
499122177
499122177
499122177
499122177
499122177
499122177
277656733
499122177
499122177
499122177
499122177
499122177
499122177
499122177
499122177
499122177
499122177
499122177
499122177
499122177
499122177
499122177
499122177
499122177
499122177
499122177
499122177
499122177
499122177
499122177
499122177
499122177
499122177
499122177
499122177
499122177
499122177
499122177
499122177
499122177
726189351
499122177
499122177
499122177
499122177
499122177
499122177
499122177
554585337
499122177
499122177
361518259
499122177
661743594
499122177
499122177
499122177
499122177
499122177
499122177
499122177
499122177
499122177
499122177
499122177
499122177
499122177
499122177
499122177
499122177
915527426
499122177
499122177
499122177
499122177
499122177
499122177
499122177
499122177
499122177
499122177
499122177
499122177
499122177
499122177
499122177
499122177
499122177
499122177
499122177
499122177
499122177
499122177
884471255
499122177
499122177
499122177
499122177
499122177
499122177
499122177
499122177
499122177
499122177
499122177
220688839
499122177
499122177
499122177
499122177
499122177
499122177
499122177
499122177
499122177
499122177
499122177
499122177
499122177
499122177
499122177
499122177
499122177
499122177
499122177
499122177
499122177
499122177
499122177
499122177
499122177
499122177
499122177
499122177
499122177
499122177
499122177
499122177
499122177
499122177
499122177
499122177
499122177
499122177
499122177
499122177
499122177
499122177
499122177
499122177
499122177
499122177
499122177
499122177
499122177
977500149
499122177
499122177
499122177
499122177
499122177
499122177
499122177
499122177
499122177
499122177
499122177
499122177
499122177
43601467
499122177
499122177
499122177
499122177
499122177
499122177
499122177
499122177
499122177
499122177
499122177
499122177
499122177
499122177
499122177
499122177
499122177
499122177
499122177
499122177
499122177
499122177
499122177
499122177
499122177
499122177
499122177
499122177
499122177
499122177
499122177
499122177
499122177
499122177
499122177
499122177
499122177
499122177
499122177
499122177
499122177
499122177
499122177
499122177
602516803
499122177
499122177
499122177
499122177
499122177
499122177
499122177
499122177
499122177
499122177
499122177
499122177
499122177
499122177
499122177
499122177
499122177
499122177
499122177
499122177
499122177
499122177
499122177
499122177
499122177
499122177
499122177
499122177
499122177
499122177
499122177
499122177
499122177
499122177
39432425
457390640
499122177
499122177
499122177
499122177
499122177
499122177
499122177
499122177
499122177
499122177
499122177
299169835
499122177
499122177
499122177
499122177
499122177
499122177
499122177
499122177
499122177
499122177
499122177
499122177
499122177
499122177
499122177
499122177
499122177
499122177
499122177
499122177
499122177
499122177
499122177
499122177
499122177
439359789
499122177
514140884
499122177
499122177
499122177
499122177
499122177
499122177
499122177
499122177
499122177
499122177
499122177
499122177
499122177
499122177
499122177
499122177
928776738
499122177
499122177
499122177
500861723
499122177
499122177
499122177
499122177
499122177
499122177
499122177
499122177
499122177
499122177
499122177
499122177
499122177
499122177
499122177
499122177
499122177
499122177
499122177
499122177
499122177
499122177
499122177
499122177
499122177
499122177
499122177
499122177
499122177
499122177
499122177
499122177
499122177
499122177
499122177
499122177
499122177
499122177
499122177
499122177
499122177
499122177
499122177
499122177
499122177
499122177
499122177
499122177
617944635
880240575
499122177
499122177
499122177
499122177
499122177
499122177
499122177
499122177
597449477
499122177
499122177
176812053
499122177
499122177
499122177
499122177
499122177
499122177
855403114
499122177
499122177
499122177
499122177
499122177
499122177
499122177
499122177
499122177
499122177
499122177
499122177
499122177
499122177
499122177
499122177
499122177
499122177
499122177
499122177
499122177
499122177
499122177
499122177
499122177
499122177
499122177
9625361
499122177
499122177
499122177
499122177
499122177
499122177
499122177
499122177
599765908
499122177
499122177
499122177
86300426
499122177
499122177
499122177
499122177
499122177
499122177
499122177
499122177
499122177
499122177
499122177
499122177
499122177
499122177
499122177
499122177
499122177
499122177
499122177
499122177
499122177
499122177
499122177
499122177
499122177
499122177
499122177
499122177
499122177
499122177
499122177
122961834
499122177
499122177
499122177
499122177
499122177
499122177
499122177
499122177
499122177
499122177
161567810
499122177
499122177
499122177
499122177
499122177
898493027
499122177
499122177
807680850
736785254
499122177
499122177
499122177
499122177
499122177
499122177
499122177
499122177
499122177
499122177
499122177
499122177
499122177
499122177
499122177
499122177
499122177
499122177
499122177
499122177
499122177
499122177
499122177
499122177
499122177
499122177
499122177
499122177
499122177
637391509
499122177
219632425
499122177
499122177
499122177
499122177
499122177
499122177
499122177
499122177
227912555
499122177
499122177
499122177
499122177
499122177
244181727
499122177
499122177
499122177
499122177
969051318
499122177
499122177
499122177
859623329
499122177
499122177
499122177
499122177
499122177
480251634
499122177
499122177
499122177
499122177
499122177
499122177
499122177
499122177
499122177
499122177
499122177
499122177
499122177
499122177
499122177
499122177
499122177
499122177
499122177
499122177
499122177
499122177
499122177
499122177
499122177
499122177
499122177
499122177
499122177
499122177
499122177
499122177
499122177
499122177
499122177
499122177
499122177
499122177
499122177
499122177
499122177
499122177
499122177
499122177
499122177
499122177
499122177
499122177
499122177
499122177
499122177
499122177
499122177
499122177
499122177
499122177
499122177
499122177
499122177
499122177
499122177
499122177
499122177
499122177
499122177
499122177
499122177
499122177
499122177
499122177
499122177
499122177
499122177
499122177
499122177
499122177
499122177
499122177
566972611
499122177
499122177
499122177
499122177
499122177
499122177
499122177
499122177
499122177
499122177
499122177
499122177
499122177
499122177
499122177
499122177
499122177
499122177
499122177
329959110
446301071
499122177
499122177
499122177
499122177
143940278
499122177
499122177
499122177
499122177
499122177
499122177
499122177
399238240
499122177
499122177
499122177
499122177
499122177
499122177
499122177
499122177
499122177
499122177
499122177
499122177
499122177
499122177
499122177
216222847
499122177
499122177
499122177
499122177
499122177
499122177
499122177
499122177
499122177
499122177
499122177
499122177
499122177
499122177
499122177
499122177
499122177
499122177
499122177
499122177
499122177
499122177
853709548
499122177
499122177
499122177
166164871
499122177
499122177
499122177
499122177
499122177
499122177
499122177
499122177
499122177
499122177
499122177
499122177
499122177
499122177
499122177
499122177
499122177
499122177
499122177
499122177
499122177
499122177
499122177
499122177
499122177
499122177
499122177
499122177
499122177
499122177
499122177
499122177
499122177
499122177
499122177
499122177
499122177
499122177
499122177
499122177
499122177
499122177
499122177
499122177
499122177
499122177
499122177
499122177
499122177
499122177
499122177
499122177
499122177
499122177
499122177
499122177
499122177
499122177
499122177
499122177
499122177
499122177
499122177
499122177
499122177
499122177
499122177
499122177
499122177
540461694
499122177
499122177
499122177
499122177
499122177
499122177
866264438
499122177
499122177
499122177
499122177
499122177
499122177
499122177
499122177
499122177
499122177
499122177
499122177
499122177
499122177
499122177
499122177
499122177
499122177
311361211
499122177
499122177
499122177
499122177
499122177
499122177
499122177
499122177
499122177
499122177
499122177
499122177
499122177
499122177
499122177
499122177
499122177
499122177
499122177
499122177
499122177
499122177
499122177
499122177
499122177
914911491
499122177
499122177
499122177
499122177
499122177
499122177
499122177
499122177
499122177
499122177
499122177
499122177
499122177
499122177
499122177
499122177
499122177
499122177
499122177
499122177
499122177
499122177
499122177
499122177
499122177
499122177
499122177
499122177
499122177
499122177
499122177
499122177
499122177
499122177
499122177
499122177
499122177
499122177
499122177
499122177
499122177
499122177
678657499
499122177
499122177
499122177
671768577
499122177
499122177
499122177
499122177
499122177
499122177
453020500
499122177
499122177
499122177
499122177
499122177
499122177
499122177
499122177
499122177
499122177
499122177
242739035
499122177
499122177
499122177
42837790
499122177
499122177
499122177
965573159
499122177
499122177
591861140
499122177
499122177
499122177
499122177
499122177
499122177
499122177
499122177
499122177
499122177
499122177
499122177
499122177
499122177
499122177
499122177
499122177
499122177
499122177
499122177
499122177
499122177
211861315
499122177
499122177
499122177
499122177
499122177
499122177
499122177
718366895
499122177
256525413
499122177
499122177
499122177
267180602
499122177
499122177
499122177
898037159
499122177
499122177
499122177
499122177
499122177
499122177
499122177
499122177
499122177
499122177
499122177
499122177
499122177
499122177
499122177
499122177
499122177
499122177
499122177
499122177
499122177
499122177
499122177
499122177
499122177
499122177
499122177
499122177
499122177
499122177
499122177
499122177
499122177
499122177
499122177
499122177
499122177
499122177
499122177
362276742
499122177
499122177
499122177
499122177
499122177
499122177
499122177
499122177
499122177
499122177
499122177
499122177
499122177
673739460
499122177
499122177
499122177
499122177
499122177
499122177
295049027
499122177
499122177
919770558
499122177
377447655
499122177
499122177
499122177
499122177
499122177
499122177
499122177
499122177
499122177
499122177
499122177
499122177
154118951
398350752
499122177
499122177
499122177
499122177
499122177
499122177
499122177
499122177
499122177
499122177
499122177
499122177
499122177
499122177
499122177
499122177
499122177
499122177
499122177
499122177
499122177
499122177
499122177
499122177
499122177
499122177
499122177
499122177
499122177
499122177
499122177
499122177
499122177
499122177
499122177
499122177
499122177
499122177
499122177
499122177
499122177
499122177
499122177
499122177
499122177
499122177
499122177
499122177
499122177
499122177
499122177
499122177
499122177
499122177
499122177
497850720
499122177
499122177
499122177
499122177
499122177
499122177
499122177
499122177
499122177
499122177
499122177
499122177
499122177
499122177
499122177
499122177
499122177
499122177
499122177
854776982
499122177
499122177
499122177
499122177
788196471
499122177
499122177
499122177
499122177
499122177
499122177
499122177
499122177
499122177
499122177
892829522
499122177
499122177
499122177
747364406
499122177
499122177
499122177
499122177
499122177
499122177
499122177
499122177
499122177
499122177
499122177
499122177
499122177
499122177
499122177
499122177
269667931
499122177
499122177
499122177
499122177
499122177
499122177
928906325
499122177
499122177
499122177
469050846
499122177
499122177
499122177
499122177
207274558
499122177
499122177
499122177
499122177
499122177
499122177
499122177
499122177
499122177
499122177
499122177
499122177
499122177
499122177
499122177
817864499
499122177
499122177
499122177
499122177
499122177
499122177
499122177
499122177
499122177
499122177
499122177
499122177
499122177
499122177
499122177
499122177
499122177
499122177
499122177
499122177
499122177
499122177
499122177
499122177
493054930
499122177
499122177
499122177
499122177
499122177
499122177
499122177
499122177
499122177
499122177
499122177
499122177
499122177
499122177
499122177
499122177
499122177
499122177
499122177
499122177
752893698
499122177
499122177
499122177
499122177
499122177
499122177
499122177
674041972
499122177
499122177
499122177
499122177
499122177
499122177
499122177
499122177
499122177
499122177
499122177
499122177
499122177
499122177
499122177
499122177
499122177
499122177
499122177
499122177
499122177
499122177
499122177
499122177
499122177
499122177
499122177
499122177
499122177
499122177
499122177
499122177
499122177
499122177
499122177
499122177
499122177
499122177
499122177
499122177
499122177
499122177
499122177
499122177
499122177
499122177
499122177
499122177
499122177
199637854
499122177
499122177
499122177
499122177
499122177
499122177
499122177
499122177
499122177
499122177
499122177
499122177
499122177
499122177
109674237
499122177
499122177
499122177
499122177
499122177
499122177
499122177
499122177
723340119
499122177
499122177
499122177
499122177
499122177
499122177
499122177
499122177
499122177
499122177
499122177
499122177
483351820
499122177
499122177
102846391
499122177
499122177
499122177
499122177
499122177
499122177
499122177
499122177
499122177
499122177
499122177
499122177
499122177
499122177
499122177
499122177
499122177
499122177
473212011
499122177
499122177
499122177
499122177
499122177
499122177
499122177
499122177
499122177
499122177
499122177
499122177
499122177
499122177
499122177
499122177
499122177
499122177
499122177
883303477
499122177
499122177
499122177
499122177
534332705
148554719
499122177
499122177
499122177
499122177
499122177
499122177
499122177
499122177
499122177
499122177
499122177
499122177
499122177
499122177
499122177
499122177
499122177
499122177
499122177
499122177
499122177
499122177
499122177
499122177
499122177
499122177
499122177
499122177
499122177
499122177
499122177
499122177
499122177
499122177
499122177
673516998
499122177
598812032
499122177
499122177
499122177
324672994
499122177
499122177
499122177
499122177
499122177
499122177
499122177
499122177
499122177
499122177
499122177
499122177
499122177
499122177
499122177
499122177
499122177
499122177
499122177
499122177
499122177
499122177
499122177
499122177
499122177
499122177
499122177
499122177
499122177
499122177
499122177
499122177
499122177
499122177
499122177
499122177
499122177
499122177
499122177
499122177
499122177
499122177
499122177
216603717
499122177
499122177
499122177
499122177
499122177
499122177
499122177
499122177
499122177
499122177
499122177
499122177
499122177
499122177
499122177
499122177
499122177
499122177
499122177
499122177
935113214
499122177
499122177
499122177
499122177
499122177
499122177
499122177
499122177
499122177
499122177
499122177
499122177
499122177
499122177
499122177
499122177
499122177
499122177
499122177
499122177
499122177
499122177
499122177
499122177
499122177
499122177
499122177
499122177
499122177
499122177
499122177
499122177
499122177
499122177
499122177
499122177
499122177
499122177
499122177
499122177
499122177
499122177
499122177
499122177
53654745
24511289
499122177
499122177
499122177
499122177
499122177
499122177
499122177
499122177
499122177
499122177
499122177
499122177
499122177
499122177
499122177
499122177
499122177
499122177
499122177
364402761
499122177
499122177
499122177
870928633
499122177
499122177
499122177
499122177
499122177
499122177
499122177
499122177
499122177
499122177
499122177
499122177
499122177
499122177
499122177
499122177
499122177
499122177
499122177
499122177
499122177
499122177
499122177
499122177
499122177
496336944
499122177
994310439
499122177
499122177
499122177
499122177
499122177
499122177
499122177
499122177
499122177
499122177
499122177
499122177
499122177
499122177
499122177
499122177
499122177
499122177
499122177
499122177
499122177
499122177
499122177
499122177
499122177
499122177
499122177
499122177
499122177
499122177
499122177
499122177
499122177
499122177
499122177
499122177
499122177
499122177
499122177
499122177
499122177
499122177
499122177
499122177
499122177
499122177
499122177
499122177
499122177
499122177
499122177
499122177
499122177
499122177
499122177
499122177
499122177
499122177
499122177
499122177
499122177
499122177
499122177
499122177
499122177
434783386
499122177
499122177
499122177
499122177
499122177
499122177
499122177
499122177
499122177
499122177
499122177
499122177
499122177
499122177
499122177
499122177
499122177
499122177
499122177
499122177
499122177
499122177
499122177
499122177
499122177
214476566
499122177
228081542
499122177
499122177
499122177
499122177
499122177
499122177
499122177
499122177
499122177
499122177
499122177
499122177
499122177
28103552
499122177
499122177
994880361
499122177
499122177
499122177
162954170
499122177
499122177
499122177
499122177
598686772
499122177
499122177
499122177
499122177
499122177
499122177
499122177
499122177
499122177
499122177
499122177
499122177
499122177
499122177
499122177
499122177
499122177
499122177
499122177
499122177
499122177
499122177
499122177
499122177
499122177
499122177
99835195
111938433
499122177
499122177
499122177
499122177
499122177
499122177
499122177
499122177
499122177
499122177
499122177
499122177
499122177
499122177
499122177
537877718
499122177
672608888
499122177
499122177
499122177
499122177
499122177
499122177
499122177
499122177
499122177
499122177
499122177
499122177
884596038
499122177
499122177
499122177
499122177
499122177
499122177
499122177
499122177
499122177
499122177
499122177
499122177
499122177
499122177
499122177
499122177
499122177
499122177
499122177
257460907
499122177
879306516
499122177
499122177
560456800
499122177
113602761
499122177
499122177
776852779
499122177
499122177
499122177
499122177
499122177
499122177
499122177
407801551
499122177
499122177
499122177
499122177
499122177
499122177
499122177
499122177
499122177
414952528
499122177
499122177
499122177
499122177
499122177
499122177
499122177
499122177
499122177
499122177
499122177
499122177
499122177
499122177
499122177
499122177
499122177
499122177
499122177
499122177
499122177
499122177
499122177
499122177
499122177
499122177
499122177
499122177
499122177
499122177
499122177
499122177
499122177
912796493
499122177
499122177
499122177
499122177
499122177
499122177
499122177
499122177
499122177
499122177
499122177
499122177
499122177
499122177
499122177
499122177
499122177
751762922
499122177
499122177
499122177
499122177
499122177
499122177
499122177
499122177
499122177
499122177
499122177
499122177
499122177
499122177
499122177
499122177
499122177
499122177
499122177
499122177
499122177
499122177
499122177
499122177
499122177
499122177
499122177
499122177
270438853
499122177
499122177
499122177
514769752
499122177
499122177
499122177
499122177
499122177
499122177
499122177
499122177
499122177
499122177
499122177
499122177
499122177
499122177
499122177
499122177
499122177
499122177
499122177
499122177
499122177
499122177
499122177
499122177
499122177
499122177
499122177
499122177
499122177
499122177
499122177
499122177
499122177
499122177
499122177
499122177
499122177
499122177
499122177
499122177
499122177
499122177
499122177
415542456
499122177
499122177
499122177
499122177
499122177
499122177
499122177
499122177
499122177
499122177
499122177
499122177
499122177
499122177
499122177
499122177
499122177
499122177
499122177
499122177
499122177
499122177
499122177
499122177
499122177
499122177
499122177
499122177
499122177
499122177
499122177
499122177
411439353
499122177
499122177
499122177
499122177
499122177
499122177
499122177
499122177
499122177
499122177
499122177
499122177
499122177
499122177
499122177
499122177
499122177
983816280
499122177
499122177
499122177
499122177
499122177
499122177
499122177
499122177
499122177
985247899
500807335
141161702
499122177
499122177
499122177
499122177
499122177
499122177
499122177
499122177
499122177
499122177
499122177
499122177
499122177
499122177
499122177
499122177
499122177
499122177
499122177
499122177
499122177
499122177
499122177
191296373
499122177
499122177
499122177
499122177
499122177
499122177
499122177
499122177
499122177
499122177
499122177
499122177
499122177
499122177
499122177
351903233
499122177
499122177
499122177
499122177
499122177
499122177
284669800
499122177
499122177
75592325
499122177
499122177
421373338
499122177
499122177
499122177
499122177
499122177
499122177
499122177
499122177
499122177
499122177
499122177
499122177
499122177
499122177
499122177
499122177
499122177
499122177
499122177
499122177
499122177
499122177
499122177
499122177
499122177
499122177
499122177
499122177
499122177
499122177
499122177
499122177
499122177
499122177
499122177
499122177
499122177
499122177
499122177
499122177
21059813
499122177
499122177
499122177
499122177
292981086
499122177
499122177
499122177
499122177
499122177
499122177
499122177
499122177
499122177
499122177
499122177
499122177
499122177
499122177
499122177
499122177
499122177
499122177
489356787
499122177
499122177
115608668
499122177
499122177
499122177
499122177
391199457
499122177
499122177
499122177
499122177
542695614
499122177
499122177
499122177
499122177
499122177
499122177
499122177
499122177
499122177
499122177
499122177
499122177
499122177
499122177
499122177
499122177
499122177
499122177
499122177
499122177
499122177
499122177
499122177
942449524
499122177
499122177
499122177
499122177
499122177
499122177
499122177
499122177
499122177
210334679
499122177
499122177
499122177
499122177
499122177
499122177
499122177
499122177
499122177
499122177
499122177
499122177
499122177
499122177
499122177
499122177
499122177
499122177
499122177
499122177
499122177
499122177
499122177
499122177
499122177
499122177
499122177
499122177
499122177
499122177
499122177
499122177
499122177
499122177
499122177
499122177
499122177
499122177
499122177
338592537
599718390
499122177
499122177
499122177
499122177
499122177
423060569
499122177
499122177
499122177
499122177
499122177
499122177
499122177
499122177
499122177
499122177
499122177
499122177
499122177
499122177
499122177
499122177
499122177
499122177
499122177
227001614
499122177
499122177
499122177
499122177
499122177
499122177
499122177
499122177
499122177
657421037
499122177
499122177
499122177
499122177
499122177
499122177
499122177
499122177
499122177
499122177
499122177
499122177
499122177
499122177
499122177
499122177
499122177
499122177
499122177
499122177
499122177
499122177
499122177
499122177
499122177
499122177
499122177
499122177
499122177
499122177
499122177
413368224
499122177
499122177
499122177
499122177
499122177
499122177
499122177
499122177
499122177
499122177
41302447
499122177
499122177
499122177
499122177
499122177
499122177
499122177
416217219
499122177
499122177
499122177
499122177
318154726
499122177
499122177
499122177
499122177
338161743
499122177
499122177
499122177
499122177
499122177
499122177
499122177
516230692
499122177
499122177
499122177
499122177
499122177
499122177
499122177
499122177
499122177
499122177
499122177
499122177
499122177
499122177
499122177
499122177
499122177
499122177
499122177
499122177
499122177
499122177
499122177
499122177
499122177
499122177
499122177
526711588
499122177
499122177
499122177
39324602
499122177
499122177
499122177
499122177
499122177
499122177
499122177
488232344
499122177
499122177
499122177
499122177
499122177
499122177
499122177
499122177
499122177
499122177
499122177
499122177
499122177
499122177
499122177
499122177
499122177
499122177
499122177
499122177
499122177
499122177
499122177
499122177
499122177
499122177
499122177
499122177
499122177
499122177
147842692
499122177
499122177
547693320
499122177
499122177
499122177
941827026
499122177
499122177
738568330
499122177
499122177
499122177
499122177
499122177
499122177
499122177
499122177
499122177
499122177
499122177
499122177
499122177
499122177
499122177
499122177
499122177
499122177
499122177
499122177
499122177
499122177
499122177
499122177
499122177
499122177
499122177
499122177
499122177
499122177
499122177
499122177
499122177
499122177
499122177
499122177
499122177
499122177
499122177
499122177
499122177
499122177
499122177
499122177
499122177
499122177
499122177
499122177
499122177
499122177
499122177
499122177
499122177
499122177
271936053
499122177
499122177
499122177
499122177
499122177
80758925
499122177
499122177
499122177
499122177
499122177
499122177
499122177
499122177
499122177
499122177
499122177
499122177
499122177
499122177
499122177
499122177
499122177
363412049
499122177
499122177
499122177
499122177
499122177
499122177
499122177
499122177
499122177
499122177
499122177
499122177
499122177
499122177
499122177
499122177
499122177
499122177
499122177
499122177
499122177
499122177
499122177
499122177
499122177
499122177
499122177
499122177
140288441
499122177
499122177
499122177
499122177
499122177
499122177
499122177
499122177
499122177
499122177
499122177
499122177
499122177
499122177
499122177
499122177
499122177
499122177
499122177
499122177
499122177
997426149
845592301
499122177
499122177
499122177
499122177
869353791
499122177
499122177
499122177
499122177
499122177
499122177
499122177
499122177
499122177
499122177
499122177
499122177
499122177
499122177
499122177
499122177
499122177
499122177
499122177
499122177
499122177
499122177
499122177
499122177
499122177
499122177
499122177
499122177
499122177
499122177
499122177
499122177
499122177
499122177
499122177
499122177
525340703
499122177
499122177
499122177
499122177
499122177
499122177
499122177
499122177
499122177
499122177
499122177
499122177
499122177
499122177
499122177
499122177
499122177
499122177
499122177
499122177
499122177
499122177
499122177
499122177
499122177
499122177
499122177
499122177
499122177
499122177
499122177
541214955
499122177
499122177
499122177
499122177
499122177
499122177
499122177
499122177
499122177
499122177
499122177
622965234
499122177
499122177
499122177
499122177
499122177
499122177
499122177
499122177
499122177
499122177
499122177
499122177
499122177
499122177
499122177
499122177
499122177
499122177
499122177
925667891
499122177
499122177
499122177
499122177
499122177
499122177
499122177
499122177
499122177
499122177
499122177
499122177
499122177
499122177
499122177
499122177
227649929
499122177
499122177
499122177
499122177
499122177
499122177
499122177
499122177
499122177
499122177
380047776
499122177
499122177
499122177
499122177
499122177
499122177
839284568
499122177
499122177
499122177
499122177
499122177
499122177
499122177
499122177
499122177
499122177
499122177
499122177
499122177
499122177
499122177
499122177
499122177
499122177
499122177
499122177
499122177
499122177
499122177
499122177
499122177
499122177
499122177
499122177
499122177
499122177
499122177
499122177
499122177
499122177
499122177
499122177
499122177
499122177
499122177
499122177
499122177
499122177
499122177
499122177
499122177
499122177
499122177
499122177
499122177
335627373
499122177
499122177
584515436
499122177
499122177
499122177
499122177
499122177
499122177
499122177
499122177
499122177
499122177
499122177
499122177
499122177
499122177
499122177
499122177
499122177
499122177
499122177
499122177
575666957
499122177
499122177
499122177
499122177
499122177
499122177
499122177
674567334
499122177
499122177
499122177
499122177
499122177
499122177
499122177
499122177
499122177
164440019
499122177
499122177
499122177
499122177
499122177
499122177
499122177
499122177
499122177
499122177
499122177
499122177
499122177
499122177
499122177
499122177
499122177
499122177
499122177
499122177
499122177
499122177
555285444
499122177
499122177
499122177
499122177
499122177
499122177
499122177
499122177
499122177
499122177
499122177
499122177
499122177
499122177
499122177
499122177
499122177
499122177
499122177
499122177
499122177
499122177
436443724
499122177
499122177
499122177
499122177
499122177
499122177
499122177
499122177
994355833
499122177
499122177
499122177
499122177
499122177
499122177
499122177
499122177
499122177
499122177
499122177
499122177
499122177
499122177
499122177
499122177
499122177
499122177
499122177
499122177
499122177
499122177
499122177
499122177
499122177
499122177
499122177
499122177
499122177
786164402
499122177
499122177
499122177
499122177
499122177
499122177
499122177
499122177
499122177
499122177
499122177
499122177
499122177
499122177
499122177
499122177
499122177
499122177
499122177
499122177
499122177
499122177
479095254
499122177
499122177
499122177
499122177
499122177
499122177
234592960
499122177
499122177
499122177
499122177
499122177
499122177
499122177
499122177
499122177
499122177
116048612
499122177
499122177
499122177
499122177
499122177
499122177
499122177
499122177
499122177
499122177
499122177
499122177
499122177
499122177
499122177
499122177
499122177
499122177
499122177
499122177
499122177
499122177
499122177
499122177
499122177
499122177
499122177
499122177
499122177
443634228
499122177
499122177
499122177
499122177
499122177
499122177
499122177
499122177
499122177
499122177
499122177
499122177
499122177
499122177
499122177
499122177
499122177
499122177
499122177
499122177
499122177
499122177
499122177
499122177
499122177
499122177
499122177
499122177
499122177
499122177
499122177
499122177
499122177
499122177
499122177
499122177
499122177
499122177
499122177
499122177
499122177
499122177
499122177
499122177
499122177
499122177
499122177
499122177
499122177
499122177
499122177
499122177
499122177
609678833
499122177
499122177
499122177
499122177
499122177
499122177
499122177
499122177
499122177
499122177
933540121
499122177
499122177
499122177
499122177
499122177
499122177
499122177
499122177
499122177
507037735
404981083
499122177
499122177
499122177
499122177
499122177
499122177
499122177
499122177
499122177
499122177
499122177
499122177
499122177
499122177
499122177
499122177
499122177
499122177
499122177
499122177
499122177
526340039
499122177
499122177
499122177
499122177
499122177
499122177
499122177
499122177
499122177
466721738
499122177
499122177
499122177
499122177
499122177
499122177
499122177
499122177
499122177
499122177
499122177
499122177
499122177
499122177
499122177
499122177
499122177
499122177
499122177
499122177
499122177
499122177
499122177
499122177
499122177
499122177
955903441
499122177
499122177
499122177
499122177
499122177
227471052
499122177
499122177
499122177
889274849
499122177
499122177
499122177
499122177
499122177
499122177
499122177
499122177
499122177
499122177
499122177
499122177
499122177
499122177
499122177
499122177
499122177
499122177
499122177
499122177
499122177
657098776
499122177
499122177
499122177
499122177
499122177
499122177
499122177
499122177
499122177
499122177
430896713
499122177
499122177
499122177
499122177
499122177
383341235
499122177
499122177
499122177
499122177
499122177
499122177
499122177
499122177
913762428
231686594
499122177
499122177
499122177
499122177
499122177
216604410
499122177
499122177
499122177
499122177
499122177
499122177
499122177
499122177
499122177
499122177
398532105
499122177
499122177
499122177
776812133
499122177
499122177
623662018
499122177
499122177
499122177
499122177
499122177
499122177
499122177
499122177
499122177
499122177
499122177
499122177
499122177
499122177
499122177
499122177
826802079
499122177
499122177
499122177
499122177
499122177
260231749
499122177
499122177
499122177
134953326
499122177
499122177
499122177
499122177
499122177
499122177
499122177
499122177
499122177
499122177
499122177
499122177
499122177
499122177
499122177
499122177
499122177
499122177
499122177
499122177
499122177
499122177
499122177
499122177
499122177
499122177
499122177
499122177
499122177
499122177
499122177
499122177
499122177
499122177
499122177
173434937
903983961
499122177
499122177
499122177
499122177
499122177
499122177
499122177
499122177
499122177
499122177
499122177
499122177
499122177
499122177
499122177
499122177
499122177
499122177
499122177
499122177
499122177
499122177
499122177
499122177
499122177
499122177
499122177
499122177
499122177
499122177
499122177
499122177
499122177
499122177
499122177
499122177
499122177
499122177
240556368
499122177
499122177
499122177
499122177
518402264
499122177
499122177
499122177
499122177
499122177
499122177
148785783
499122177
499122177
499122177
499122177
499122177
499122177
499122177
499122177
499122177
499122177
499122177
499122177
499122177
499122177
499122177
499122177
499122177
499122177
499122177
499122177
499122177
499122177
499122177
499122177
499122177
499122177
499122177
499122177
499122177
499122177
499122177
499122177
499122177
499122177
499122177
499122177
499122177
499122177
499122177
499122177
499122177
499122177
499122177
499122177
499122177
499122177
499122177
488918604
499122177
499122177
499122177
499122177
499122177
499122177
320336156
499122177
499122177
499122177
499122177
499122177
499122177
499122177
499122177
499122177
499122177
499122177
499122177
499122177
499122177
499122177
499122177
499122177
499122177
499122177
499122177
499122177
499122177
499122177
499122177
499122177
499122177
499122177
499122177
499122177
499122177
499122177
499122177
499122177
499122177
499122177
499122177
499122177
499122177
499122177
499122177
499122177
499122177
499122177
499122177
499122177
499122177
288049983
499122177
499122177
499122177
499122177
499122177
499122177
499122177
499122177
499122177
499122177
952214077
499122177
164902128
499122177
499122177
499122177
499122177
499122177
499122177
499122177
499122177
499122177
499122177
499122177
499122177
499122177
499122177
499122177
499122177
114479131
499122177
499122177
499122177
499122177
499122177
873627096
499122177
499122177
428969212
499122177
499122177
499122177
499122177
499122177
499122177
499122177
499122177
499122177
499122177
499122177
499122177
499122177
499122177
499122177
436341269
499122177
499122177
499122177
499122177
499122177
499122177
499122177
499122177
499122177
499122177
499122177
499122177
499122177
499122177
499122177
499122177
499122177
499122177
499122177
499122177
499122177
499122177
499122177
499122177
499122177
499122177
499122177
499122177
499122177
499122177
663604696
499122177
499122177
499122177
499122177
499122177
499122177
499122177
499122177
499122177
499122177
336846047
499122177
499122177
499122177
499122177
499122177
499122177
499122177
499122177
499122177
499122177
499122177
499122177
499122177
499122177
499122177
499122177
499122177
499122177
499122177
499122177
499122177
499122177
499122177
499122177
499122177
499122177
499122177
499122177
499122177
523731781
499122177
499122177
499122177
499122177
499122177
499122177
499122177
499122177
760200933
499122177
499122177
499122177
499122177
499122177
499122177
499122177
557531288
483681253
499122177
499122177
499122177
499122177
499122177
499122177
471322791
499122177
499122177
499122177
499122177
499122177
499122177
499122177
499122177
499122177
499122177
499122177
499122177
499122177
499122177
499122177
499122177
113202246
499122177
499122177
499122177
110346020
499122177
499122177
499122177
499122177
499122177
499122177
499122177
499122177
499122177
499122177
499122177
499122177
499122177
499122177
499122177
499122177
499122177
499122177
499122177
499122177
499122177
499122177
499122177
746515771
499122177
499122177
499122177
499122177
499122177
499122177
499122177
499122177
499122177
499122177
499122177
1366901
499122177
499122177
499122177
499122177
499122177
499122177
499122177
499122177
499122177
499122177
499122177
499122177
499122177
499122177
499122177
499122177
499122177
499122177
94413283
499122177
499122177
499122177
499122177
344243385
499122177
499122177
499122177
499122177
499122177
499122177
499122177
499122177
499122177
499122177
499122177
499122177
499122177
499122177
499122177
499122177
499122177
499122177
499122177
499122177
499122177
499122177
499122177
499122177
499122177
499122177
499122177
499122177
499122177
499122177
499122177
499122177
499122177
499122177
499122177
499122177
499122177
499122177
499122177
499122177
499122177
499122177
499122177
499122177
499122177
499122177
409316719
499122177
499122177
499122177
499122177
499122177
499122177
499122177
499122177
499122177
779343130
499122177
499122177
499122177
499122177
499122177
499122177
499122177
499122177
499122177
499122177
499122177
499122177
499122177
499122177
499122177
499122177
499122177
499122177
499122177
499122177
837290671
499122177
499122177
499122177
499122177
499122177
499122177
499122177
499122177
499122177
995396313
113647804
499122177
499122177
499122177
499122177
499122177
499122177
499122177
499122177
499122177
499122177
499122177
499122177
797528595
499122177
499122177
499122177
499122177
499122177
499122177
499122177
499122177
499122177
499122177
499122177
499122177
499122177
499122177
499122177
499122177
499122177
499122177
499122177
499122177
499122177
499122177
499122177
499122177
499122177
917884656
499122177
499122177
499122177
499122177
499122177
499122177
499122177
499122177
499122177
499122177
499122177
499122177
499122177
499122177
499122177
499122177
499122177
499122177
499122177
499122177
499122177
499122177
499122177
499122177
499122177
499122177
499122177
499122177
499122177
499122177
499122177
499122177
499122177
499122177
499122177
499122177
499122177
499122177
499122177
499122177
499122177
499122177
499122177
499122177
499122177
499122177
499122177
305196806
499122177
499122177
499122177
499122177
499122177
499122177
499122177
499122177
499122177
499122177
499122177
499122177
499122177
490353117
499122177
499122177
499122177
499122177
499122177
971875067
499122177
248875510
499122177
499122177
499122177
499122177
499122177
499122177
499122177
499122177
499122177
499122177
499122177
499122177
499122177
499122177
499122177
590371021
499122177
499122177
499122177
499122177
499122177
499122177
499122177
499122177
499122177
499122177
499122177
499122177
499122177
499122177
499122177
499122177
499122177
499122177
139957212
499122177
499122177
499122177
499122177
499122177
499122177
499122177
499122177
499122177
499122177
499122177
499122177
499122177
499122177
499122177
499122177
499122177
499122177
499122177
499122177
499122177
499122177
499122177
499122177
499122177
499122177
499122177
499122177
499122177
499122177
499122177
499122177
499122177
499122177
499122177
499122177
499122177
197002824
499122177
499122177
336469268
499122177
499122177
499122177
499122177
499122177
499122177
499122177
499122177
499122177
499122177
499122177
499122177
499122177
499122177
499122177
499122177
499122177
499122177
499122177
499122177
442389714
475476018
499122177
499122177
499122177
327100889
764994164
499122177
499122177
499122177
499122177
499122177
499122177
499122177
499122177
499122177
499122177
499122177
499122177
499122177
499122177
499122177
499122177
499122177
499122177
499122177
499122177
499122177
499122177
499122177
499122177
499122177
499122177
499122177
499122177
499122177
499122177
499122177
499122177
499122177
499122177
499122177
499122177
499122177
499122177
499122177
499122177
499122177
499122177
499122177
499122177
499122177
499122177
499122177
499122177
499122177
499122177
499122177
499122177
499122177
499122177
499122177
499122177
499122177
499122177
499122177
499122177
499122177
499122177
499122177
499122177
499122177
499122177
528707147
499122177
499122177
499122177
499122177
499122177
499122177
499122177
499122177
499122177
499122177
499122177
499122177
499122177
499122177
499122177
499122177
499122177
499122177
499122177
499122177
499122177
499122177
94840048
967764305
499122177
499122177
499122177
499122177
499122177
499122177
499122177
319680566
499122177
499122177
499122177
499122177
499122177
499122177
499122177
499122177
499122177
499122177
499122177
499122177
499122177
499122177
499122177
499122177
499122177
499122177
499122177
499122177
499122177
499122177
499122177
499122177
499122177
608646100
499122177
499122177
499122177
499122177
499122177
499122177
499122177
499122177
499122177
499122177
499122177
499122177
499122177
499122177
499122177
499122177
499122177
499122177
499122177
499122177
499122177
499122177
499122177
499122177
499122177
499122177
499122177
499122177
499122177
499122177
499122177
499122177
499122177
499122177
499122177
499122177
499122177
11848572
499122177
499122177
499122177
499122177
499122177
499122177
499122177
499122177
499122177
499122177
903882381
499122177
499122177
499122177
499122177
499122177
499122177
499122177
499122177
567347641
499122177
499122177
499122177
499122177
499122177
499122177
499122177
499122177
499122177
499122177
499122177
499122177
499122177
499122177
829100700
499122177
499122177
499122177
499122177
326391903
499122177
499122177
499122177
499122177
499122177
499122177
499122177
499122177
499122177
499122177
260531281
499122177
499122177
499122177
499122177
750789451
499122177
499122177
499122177
499122177
499122177
499122177
499122177
499122177
499122177
499122177
499122177
499122177
499122177
499122177
499122177
499122177
499122177
499122177
499122177
499122177
499122177
499122177
499122177
479779231
642914618
499122177
499122177
499122177
55481350
499122177
499122177
499122177
499122177
499122177
499122177
499122177
499122177
499122177
499122177
499122177
499122177
499122177
499122177
499122177
499122177
499122177
499122177
499122177
282877714
499122177
499122177
499122177
499122177
499122177
499122177
499122177
499122177
499122177
499122177
499122177
499122177
499122177
499122177
499122177
499122177
499122177
499122177
499122177
499122177
499122177
499122177
499122177
499122177
499122177
499122177
499122177
499122177
499122177
499122177
754642311
499122177
499122177
499122177
499122177
499122177
499122177
499122177
499122177
499122177
499122177
499122177
499122177
499122177
499122177
499122177
499122177
499122177
455264625
499122177
499122177
499122177
499122177
499122177
499122177
499122177
499122177
499122177
499122177
499122177
499122177
639169125
499122177
499122177
499122177
499122177
499122177
499122177
499122177
499122177
499122177
499122177
499122177
499122177
650811409
499122177
499122177
499122177
499122177
499122177
499122177
499122177
499122177
499122177
499122177
499122177
499122177
499122177
499122177
499122177
499122177
499122177
499122177
499122177
499122177
499122177
499122177
499122177
499122177
499122177
499122177
499122177
499122177
499122177
499122177
475509164
833765357
499122177
499122177
499122177
499122177
499122177
499122177
499122177
499122177
499122177
499122177
499122177
499122177
499122177
413569665
499122177
499122177
499122177
499122177
499122177
499122177
499122177
499122177
499122177
499122177
499122177
499122177
499122177
499122177
499122177
499122177
499122177
467592255
499122177
499122177
499122177
499122177
499122177
499122177
499122177
499122177
815258278
499122177
499122177
499122177
499122177
499122177
499122177
499122177
499122177
499122177
499122177
499122177
499122177
499122177
499122177
499122177
499122177
499122177
499122177
499122177
499122177
59193047
499122177
499122177
499122177
499122177
499122177
499122177
499122177
499122177
499122177
499122177
499122177
499122177
499122177
499122177
499122177
162885718
499122177
499122177
499122177
499122177
743726975
499122177
499122177
499122177
499122177
499122177
499122177
499122177
499122177
499122177
499122177
742483528
499122177
499122177
499122177
499122177
499122177
499122177
499122177
499122177
499122177
499122177
499122177
499122177
499122177
499122177
499122177
499122177
499122177
499122177
499122177
499122177
499122177
499122177
499122177
499122177
499122177
499122177
499122177
499122177
499122177
499122177
499122177
499122177
499122177
499122177
499122177
392704002
499122177
499122177
499122177
499122177
499122177
499122177
499122177
499122177
499122177
499122177
499122177
499122177
499122177
499122177
499122177
499122177
499122177
499122177
499122177
499122177
499122177
980557315
499122177
499122177
499122177
596772148
499122177
499122177
499122177
499122177
499122177
499122177
499122177
499122177
499122177
499122177
499122177
499122177
499122177
499122177
499122177
499122177
499122177
499122177
499122177
499122177
499122177
499122177
499122177
499122177
499122177
499122177
499122177
499122177
499122177
499122177
499122177
499122177
499122177
499122177
499122177
499122177
499122177
499122177
499122177
499122177
499122177
499122177
499122177
499122177
499122177
499122177
499122177
20398642
499122177
499122177
499122177
499122177
499122177
499122177
499122177
775035600
499122177
499122177
499122177
499122177
499122177
499122177
499122177
499122177
499122177
499122177
499122177
499122177
499122177
499122177
499122177
499122177
499122177
499122177
499122177
499122177
499122177
499122177
499122177
499122177
499122177
499122177
499122177
499122177
499122177
499122177
499122177
499122177
499122177
499122177
499122177
499122177
499122177
499122177
499122177
499122177
499122177
499122177
499122177
499122177
499122177
499122177
499122177
499122177
499122177
499122177
499122177
499122177
499122177
499122177
499122177
499122177
499122177
499122177
499122177
499122177
499122177
499122177
499122177
499122177
499122177
499122177
499122177
400762198
499122177
499122177
499122177
499122177
499122177
499122177
499122177
499122177
499122177
499122177
499122177
499122177
499122177
499122177
499122177
499122177
499122177
499122177
499122177
499122177
499122177
499122177
499122177
499122177
499122177
499122177
499122177
499122177
499122177
499122177
499122177
499122177
499122177
499122177
499122177
499122177
499122177
499122177
499122177
499122177
499122177
499122177
499122177
499122177
499122177
499122177
499122177
499122177
499122177
499122177
499122177
499122177
499122177
499122177
499122177
499122177
499122177
499122177
499122177
499122177
499122177
499122177
499122177
499122177
499122177
499122177
499122177
499122177
499122177
499122177
499122177
499122177
499122177
499122177
499122177
499122177
499122177
499122177
499122177
499122177
499122177
499122177
499122177
499122177
379320526
499122177
499122177
499122177
499122177
499122177
499122177
499122177
499122177
499122177
499122177
499122177
499122177
499122177
499122177
499122177
455294883
499122177
499122177
499122177
499122177
499122177
499122177
275505429
499122177
499122177
499122177
499122177
499122177
499122177
499122177
499122177
499122177
499122177
499122177
499122177
499122177
499122177
499122177
866860149
499122177
499122177
499122177
499122177
499122177
499122177
499122177
499122177
499122177
499122177
499122177
499122177
499122177
499122177
499122177
499122177
499122177
499122177
499122177
499122177
499122177
499122177
499122177
499122177
499122177
499122177
499122177
499122177
499122177
499122177
499122177
499122177
499122177
129622435
499122177
499122177
499122177
67031830
257430548
499122177
499122177
499122177
499122177
499122177
499122177
499122177
499122177
499122177
499122177
499122177
499122177
499122177
499122177
499122177
499122177
499122177
499122177
569249545
499122177
499122177
499122177
661655741
499122177
499122177
499122177
499122177
499122177
499122177
499122177
499122177
499122177
499122177
499122177
499122177
739226880
499122177
339943442
357793460
499122177
499122177
499122177
135793223
499122177
499122177
499122177
249404760
499122177
499122177
499122177
499122177
499122177
499122177
499122177
499122177
499122177
499122177
499122177
499122177
499122177
499122177
499122177
499122177
499122177
499122177
499122177
499122177
499122177
499122177
499122177
499122177
499122177
499122177
499122177
499122177
499122177
499122177
152390110
499122177
499122177
499122177
499122177
499122177
499122177
499122177
499122177
499122177
499122177
499122177
499122177
965751556
477586630
499122177
499122177
499122177
499122177
499122177
499122177
499122177
499122177
499122177
499122177
499122177
499122177
499122177
499122177
499122177
499122177
499122177
499122177
499122177
499122177
499122177
499122177
499122177
499122177
499122177
499122177
499122177
499122177
499122177
499122177
499122177
499122177
428757797
499122177
499122177
499122177
775265787
499122177
499122177
499122177
499122177
499122177
499122177
499122177
499122177
499122177
499122177
499122177
499122177
499122177
499122177
499122177
499122177
499122177
499122177
499122177
499122177
499122177
499122177
499122177
499122177
499122177
499122177
499122177
499122177
953309761
499122177
499122177
499122177
499122177
499122177
499122177
499122177
499122177
499122177
499122177
499122177
499122177
666470732
499122177
499122177
499122177
499122177
499122177
499122177
499122177
499122177
499122177
499122177
499122177
499122177
499122177
499122177
499122177
499122177
499122177
499122177
499122177
499122177
499122177
499122177
499122177
499122177
499122177
499122177
499122177
499122177
499122177
499122177
499122177
499122177
499122177
499122177
499122177
499122177
42351991
3229791
499122177
499122177
499122177
499122177
499122177
499122177
499122177
499122177
499122177
694871541
499122177
499122177
499122177
499122177
499122177
499122177
499122177
499122177
762525860
499122177
690552545
499122177
499122177
499122177
499122177
499122177
499122177
499122177
499122177
499122177
499122177
499122177
499122177
499122177
499122177
499122177
499122177
499122177
499122177
499122177
499122177
499122177
499122177
499122177
499122177
499122177
499122177
499122177
499122177
499122177
667088040
499122177
499122177
499122177
499122177
499122177
499122177
499122177
499122177
499122177
499122177
499122177
499122177
499122177
499122177
499122177
499122177
499122177
499122177
499122177
499122177
499122177
499122177
499122177
499122177
499122177
499122177
522747057
499122177
499122177
499122177
499122177
911351375
499122177
499122177
499122177
499122177
499122177
910125708
499122177
499122177
499122177
499122177
499122177
499122177
499122177
499122177
499122177
499122177
499122177
499122177
130954441
499122177
499122177
499122177
499122177
499122177
499122177
499122177
499122177
499122177
499122177
499122177
499122177
499122177
499122177
218957560
39702406
499122177
499122177
499122177
142268547
499122177
499122177
499122177
499122177
499122177
499122177
499122177
499122177
499122177
499122177
499122177
499122177
499122177
499122177
499122177
499122177
499122177
499122177
499122177
499122177
499122177
499122177
499122177
499122177
499122177
499122177
499122177
499122177
499122177
466035745
499122177
499122177
499122177
499122177
499122177
499122177
499122177
499122177
499122177
499122177
652237398
499122177
499122177
499122177
499122177
499122177
499122177
499122177
499122177
499122177
499122177
499122177
499122177
499122177
499122177
499122177
499122177
499122177
499122177
499122177
499122177
499122177
499122177
499122177
499122177
499122177
499122177
650894919
499122177
499122177
499122177
499122177
499122177
499122177
499122177
499122177
499122177
499122177
583028119
499122177
499122177
499122177
499122177
499122177
728389187
499122177
499122177
1623068
499122177
499122177
499122177
499122177
499122177
499122177
499122177
499122177
499122177
499122177
499122177
499122177
499122177
499122177
499122177
499122177
499122177
499122177
499122177
499122177
499122177
499122177
499122177
499122177
499122177
499122177
499122177
499122177
499122177
499122177
499122177
499122177
499122177
499122177
499122177
499122177
499122177
499122177
499122177
499122177
499122177
499122177
499122177
499122177
499122177
60111691
642839518
499122177
499122177
499122177
499122177
499122177
499122177
499122177
499122177
499122177
462461764
499122177
499122177
499122177
499122177
268544676
499122177
